<?xml version="1.0" encoding="UTF-8"?>
<!-- Generated by org.testng.reporters.JUnitReportReporter -->
<testsuite hostname="DESKTOP-GQ9UDL2" failures="0" tests="9" name="TestingGroupID.Selfstudy.Browser" time="21.814" errors="0" timestamp="2021-05-28T09:57:55 EDT" skipped="0">
  <testcase classname="TestingGroupID.Selfstudy.Browser" name="CVS001" time="10.421"/>
  <system-out/>
  <testcase classname="TestingGroupID.Selfstudy.Browser" name="CVS002" time="6.569"/>
  <system-out/>
  <testcase classname="TestingGroupID.Selfstudy.Browser" name="CVS003" time="0.880"/>
  <system-out/>
  <testcase classname="TestingGroupID.Selfstudy.Browser" name="CVS004" time="0.930"/>
  <system-out/>
  <testcase classname="TestingGroupID.Selfstudy.Browser" name="CVS005" time="0.490"/>
  <system-out/>
  <testcase classname="TestingGroupID.Selfstudy.Browser" name="CVS006" time="1.465"/>
  <system-out/>
  <testcase classname="TestingGroupID.Selfstudy.Browser" name="CVS007" time="0.400"/>
  <system-out/>
  <testcase classname="TestingGroupID.Selfstudy.Browser" name="CVS008" time="0.279"/>
  <system-out/>
  <testcase classname="TestingGroupID.Selfstudy.Browser" name="CVS009" time="0.380"/>
  <system-out/>
</testsuite> <!-- TestingGroupID.Selfstudy.Browser -->
