<?xml version="1.0" encoding="UTF-8"?>
<!-- Generated by org.testng.reporters.JUnitReportReporter -->
<testsuite hostname="DESKTOP-GQ9UDL2" failures="0" tests="3" name="TestingGroupID.Selfstudy.NewClassSelf" time="0.019" errors="0" timestamp="2021-05-18T13:49:27 EDT" skipped="0">
  <testcase classname="TestingGroupID.Selfstudy.NewClassSelf" name="AMX001" time="0.007"/>
  <system-out/>
  <testcase classname="TestingGroupID.Selfstudy.NewClassSelf" name="AMX002" time="0.007"/>
  <system-out/>
  <testcase classname="TestingGroupID.Selfstudy.NewClassSelf" name="AMX003" time="0.005"/>
  <system-out/>
</testsuite> <!-- TestingGroupID.Selfstudy.NewClassSelf -->
